This is pdfTeX, Version 3.141592653-2.6-1.40.26 (TeX Live 2024) (preloaded format=pdflatex 2025.2.13)  20 MAY 2025 15:34
entering extended mode
 restricted \write18 enabled.
 %&-line parsing enabled.
**\input ./Rd2.tex \input ./Rd2.tex \input ./Rd2.tex
(./Rd2.tex
(/Users/cberrett/Library/TinyTeX/texmf-dist/tex/latex/base/book.cls
Document Class: book 2024/06/29 v1.4n Standard LaTeX document class
(/Users/cberrett/Library/TinyTeX/texmf-dist/tex/latex/base/bk10.clo
File: bk10.clo 2024/06/29 v1.4n Standard LaTeX file (size option)
)
\c@part=\count196
\c@chapter=\count197
\c@section=\count198
\c@subsection=\count199
\c@subsubsection=\count266
\c@paragraph=\count267
\c@subparagraph=\count268
\c@figure=\count269
\c@table=\count270
\abovecaptionskip=\skip49
\belowcaptionskip=\skip50
\bibindent=\dimen141
) (/Library/Frameworks/R.framework/Resources/share/texmf/tex/latex/Rd.sty
Package: Rd 
 (/Users/cberrett/Library/TinyTeX/texmf-dist/tex/latex/base/ifthen.sty
Package: ifthen 2024/03/16 v1.1e Standard LaTeX ifthen package (DPC)
) (/Users/cberrett/Library/TinyTeX/texmf-dist/tex/generic/iftex/iftex.sty
Package: iftex 2024/12/12 v1.0g TeX engine tests
) (/Users/cberrett/Library/TinyTeX/texmf-dist/tex/latex/tools/longtable.sty
Package: longtable 2024-10-27 v4.22 Multi-page Table package (DPC)
\LTleft=\skip51
\LTright=\skip52
\LTpre=\skip53
\LTpost=\skip54
\LTchunksize=\count271
\LTcapwidth=\dimen142
\LT@head=\box52
\LT@firsthead=\box53
\LT@foot=\box54
\LT@lastfoot=\box55
\LT@gbox=\box56
\LT@cols=\count272
\LT@rows=\count273
\c@LT@tables=\count274
\c@LT@chunks=\count275
\LT@p@ftn=\toks17
) (/Users/cberrett/Library/TinyTeX/texmf-dist/tex/latex/tools/bm.sty
Package: bm 2023/12/19 v1.2f Bold Symbol Support (DPC/FMi)
\symboldoperators=\mathgroup4
\symboldletters=\mathgroup5
\symboldsymbols=\mathgroup6
Package bm Info: No bold for \OMX/cmex/m/n, using \pmb.
LaTeX Font Info:    Redeclaring math alphabet \mathbf on input line 149.
) (/Users/cberrett/Library/TinyTeX/texmf-dist/tex/latex/base/alltt.sty
Package: alltt 2024/07/07 v2.0g defines alltt environment
) (/Users/cberrett/Library/TinyTeX/texmf-dist/tex/latex/tools/verbatim.sty
Package: verbatim 2024-01-22 v1.5x LaTeX2e package for verbatim enhancements
\every@verbatim=\toks18
\verbatim@line=\toks19
\verbatim@in@stream=\read2
) (/Users/cberrett/Library/TinyTeX/texmf-dist/tex/latex/url/url.sty
\Urlmuskip=\muskip17
Package: url 2013/09/16  ver 3.4  Verb mode for urls, etc.
) (/Users/cberrett/Library/TinyTeX/texmf-dist/tex/latex/base/textcomp.sty
Package: textcomp 2024/04/24 v2.1b Standard LaTeX package
) (/Users/cberrett/Library/TinyTeX/texmf-dist/tex/latex/amsmath/amsmath.sty
Package: amsmath 2024/11/05 v2.17t AMS math features
\@mathmargin=\skip55

For additional information on amsmath, use the `?' option.
(/Users/cberrett/Library/TinyTeX/texmf-dist/tex/latex/amsmath/amstext.sty
Package: amstext 2021/08/26 v2.01 AMS text
 (/Users/cberrett/Library/TinyTeX/texmf-dist/tex/latex/amsmath/amsgen.sty
File: amsgen.sty 1999/11/30 v2.0 generic functions
\@emptytoks=\toks20
\ex@=\dimen143
)) (/Users/cberrett/Library/TinyTeX/texmf-dist/tex/latex/amsmath/amsbsy.sty
Package: amsbsy 1999/11/29 v1.2d Bold Symbols
LaTeX Info: Redefining \boldsymbol on input line 28.
\pmbraise@=\dimen144
) (/Users/cberrett/Library/TinyTeX/texmf-dist/tex/latex/amsmath/amsopn.sty
Package: amsopn 2022/04/08 v2.04 operator names
)
\inf@bad=\count276
LaTeX Info: Redefining \frac on input line 233.
\uproot@=\count277
\leftroot@=\count278
LaTeX Info: Redefining \overline on input line 398.
LaTeX Info: Redefining \colon on input line 409.
\classnum@=\count279
\DOTSCASE@=\count280
LaTeX Info: Redefining \ldots on input line 495.
LaTeX Info: Redefining \dots on input line 498.
LaTeX Info: Redefining \cdots on input line 619.
\Mathstrutbox@=\box57
\strutbox@=\box58
LaTeX Info: Redefining \big on input line 721.
LaTeX Info: Redefining \Big on input line 722.
LaTeX Info: Redefining \bigg on input line 723.
LaTeX Info: Redefining \Bigg on input line 724.
\big@size=\dimen145
LaTeX Font Info:    Redeclaring font encoding OML on input line 742.
LaTeX Font Info:    Redeclaring font encoding OMS on input line 743.
\macc@depth=\count281
LaTeX Info: Redefining \bmod on input line 904.
LaTeX Info: Redefining \pmod on input line 909.
LaTeX Info: Redefining \smash on input line 939.
LaTeX Info: Redefining \relbar on input line 969.
LaTeX Info: Redefining \Relbar on input line 970.
\c@MaxMatrixCols=\count282
\dotsspace@=\muskip18
\c@parentequation=\count283
\dspbrk@lvl=\count284
\tag@help=\toks21
\row@=\count285
\column@=\count286
\maxfields@=\count287
\andhelp@=\toks22
\eqnshift@=\dimen146
\alignsep@=\dimen147
\tagshift@=\dimen148
\tagwidth@=\dimen149
\totwidth@=\dimen150
\lineht@=\dimen151
\@envbody=\toks23
\multlinegap=\skip56
\multlinetaggap=\skip57
\mathdisplay@stack=\toks24
LaTeX Info: Redefining \[ on input line 2953.
LaTeX Info: Redefining \] on input line 2954.
) (/Users/cberrett/Library/TinyTeX/texmf-dist/tex/latex/amsfonts/amsfonts.sty
Package: amsfonts 2013/01/14 v3.01 Basic AMSFonts support
\symAMSa=\mathgroup7
\symAMSb=\mathgroup8
LaTeX Font Info:    Redeclaring math symbol \hbar on input line 98.
LaTeX Font Info:    Overwriting math alphabet `\mathfrak' in version `bold'
(Font)                  U/euf/m/n --> U/euf/b/n on input line 106.
) (/Users/cberrett/Library/TinyTeX/texmf-dist/tex/latex/amsfonts/amssymb.sty
Package: amssymb 2013/01/14 v3.01 AMS font symbols
) (/Users/cberrett/Library/TinyTeX/texmf-dist/tex/latex/jknapltx/mathrsfs.sty
Package: mathrsfs 1996/01/01 Math RSFS package v1.0 (jk)
\symrsfs=\mathgroup9
)
\ldescriptionwidth=\skip58
 (/Users/cberrett/Library/TinyTeX/texmf-dist/tex/latex/base/fontenc.sty
Package: fontenc 2021/04/29 v2.0v Standard LaTeX package
) (/Users/cberrett/Library/TinyTeX/texmf-dist/tex/latex/psnfss/times.sty
Package: times 2020/03/25 PSNFSS-v9.3 (SPQR) 
) (/Users/cberrett/Library/TinyTeX/texmf-dist/tex/latex/inconsolata/zi4.sty
Package: zi4 2019/05/17 v1.12
 `inconsolata-zi4' v1.12, 2019/05/17 Text macros for Inconsolata (msharpe) (/Users/cberrett/Library/TinyTeX/texmf-dist/tex/latex/xkeyval/xkeyval.sty
Package: xkeyval 2022/06/16 v2.9 package option processing (HA)
 (/Users/cberrett/Library/TinyTeX/texmf-dist/tex/generic/xkeyval/xkeyval.tex (/Users/cberrett/Library/TinyTeX/texmf-dist/tex/generic/xkeyval/xkvutils.tex
\XKV@toks=\toks25
\XKV@tempa@toks=\toks26
 (/Users/cberrett/Library/TinyTeX/texmf-dist/tex/generic/xkeyval/keyval.tex))
\XKV@depth=\count288
File: xkeyval.tex 2014/12/03 v2.7a key=value parser (HA)
))
\zifour@ocount=\count289
) (/Users/cberrett/Library/TinyTeX/texmf-dist/tex/latex/graphics/color.sty
Package: color 2024/06/23 v1.3e Standard LaTeX Color (DPC)
 (/Users/cberrett/Library/TinyTeX/texmf-dist/tex/latex/graphics-cfg/color.cfg
File: color.cfg 2016/01/02 v1.6 sample color configuration
)
Package color Info: Driver file: pdftex.def on input line 149.
 (/Users/cberrett/Library/TinyTeX/texmf-dist/tex/latex/graphics-def/pdftex.def
File: pdftex.def 2024/04/13 v1.2c Graphics/color driver for pdftex
) (/Users/cberrett/Library/TinyTeX/texmf-dist/tex/latex/graphics/mathcolor.ltx)) (/Users/cberrett/Library/TinyTeX/texmf-dist/tex/latex/hyperref/hyperref.sty
Package: hyperref 2024-11-05 v7.01l Hypertext links for LaTeX
 (/Users/cberrett/Library/TinyTeX/texmf-dist/tex/latex/kvsetkeys/kvsetkeys.sty
Package: kvsetkeys 2022-10-05 v1.19 Key value parser (HO)
) (/Users/cberrett/Library/TinyTeX/texmf-dist/tex/generic/kvdefinekeys/kvdefinekeys.sty
Package: kvdefinekeys 2019-12-19 v1.6 Define keys (HO)
) (/Users/cberrett/Library/TinyTeX/texmf-dist/tex/generic/pdfescape/pdfescape.sty
Package: pdfescape 2019/12/09 v1.15 Implements pdfTeX's escape features (HO)
 (/Users/cberrett/Library/TinyTeX/texmf-dist/tex/generic/ltxcmds/ltxcmds.sty
Package: ltxcmds 2023-12-04 v1.26 LaTeX kernel commands for general use (HO)
) (/Users/cberrett/Library/TinyTeX/texmf-dist/tex/generic/pdftexcmds/pdftexcmds.sty
Package: pdftexcmds 2020-06-27 v0.33 Utility functions of pdfTeX for LuaTeX (HO)
 (/Users/cberrett/Library/TinyTeX/texmf-dist/tex/generic/infwarerr/infwarerr.sty
Package: infwarerr 2019/12/03 v1.5 Providing info/warning/error messages (HO)
)
Package pdftexcmds Info: \pdf@primitive is available.
Package pdftexcmds Info: \pdf@ifprimitive is available.
Package pdftexcmds Info: \pdfdraftmode found.
)) (/Users/cberrett/Library/TinyTeX/texmf-dist/tex/latex/hycolor/hycolor.sty
Package: hycolor 2020-01-27 v1.10 Color options for hyperref/bookmark (HO)
) (/Users/cberrett/Library/TinyTeX/texmf-dist/tex/latex/hyperref/nameref.sty
Package: nameref 2023-11-26 v2.56 Cross-referencing by name of section
 (/Users/cberrett/Library/TinyTeX/texmf-dist/tex/latex/refcount/refcount.sty
Package: refcount 2019/12/15 v3.6 Data extraction from label references (HO)
) (/Users/cberrett/Library/TinyTeX/texmf-dist/tex/generic/gettitlestring/gettitlestring.sty
Package: gettitlestring 2019/12/15 v1.6 Cleanup title references (HO)
 (/Users/cberrett/Library/TinyTeX/texmf-dist/tex/latex/kvoptions/kvoptions.sty
Package: kvoptions 2022-06-15 v3.15 Key value format for package options (HO)
))
\c@section@level=\count290
) (/Users/cberrett/Library/TinyTeX/texmf-dist/tex/latex/etoolbox/etoolbox.sty
Package: etoolbox 2025/02/11 v2.5l e-TeX tools for LaTeX (JAW)
\etb@tempcnta=\count291
) (/Users/cberrett/Library/TinyTeX/texmf-dist/tex/generic/stringenc/stringenc.sty
Package: stringenc 2019/11/29 v1.12 Convert strings between diff. encodings (HO)
)
\@linkdim=\dimen152
\Hy@linkcounter=\count292
\Hy@pagecounter=\count293
 (/Users/cberrett/Library/TinyTeX/texmf-dist/tex/latex/hyperref/pd1enc.def
File: pd1enc.def 2024-11-05 v7.01l Hyperref: PDFDocEncoding definition (HO)
Now handling font encoding PD1 ...
... no UTF-8 mapping file for font encoding PD1
) (/Users/cberrett/Library/TinyTeX/texmf-dist/tex/generic/intcalc/intcalc.sty
Package: intcalc 2019/12/15 v1.3 Expandable calculations with integers (HO)
)
\Hy@SavedSpaceFactor=\count294
 (/Users/cberrett/Library/TinyTeX/texmf-dist/tex/latex/hyperref/puenc.def
File: puenc.def 2024-11-05 v7.01l Hyperref: PDF Unicode definition (HO)
Now handling font encoding PU ...
... no UTF-8 mapping file for font encoding PU
)
Package hyperref Info: Hyper figures OFF on input line 4157.
Package hyperref Info: Link nesting OFF on input line 4162.
Package hyperref Info: Hyper index ON on input line 4165.
Package hyperref Info: Plain pages OFF on input line 4172.
Package hyperref Info: Backreferencing OFF on input line 4177.
Package hyperref Info: Implicit mode ON; LaTeX internals redefined.
Package hyperref Info: Bookmarks ON on input line 4424.
\c@Hy@tempcnt=\count295
LaTeX Info: Redefining \url on input line 4763.
\XeTeXLinkMargin=\dimen153
 (/Users/cberrett/Library/TinyTeX/texmf-dist/tex/generic/bitset/bitset.sty
Package: bitset 2019/12/09 v1.3 Handle bit-vector datatype (HO)
 (/Users/cberrett/Library/TinyTeX/texmf-dist/tex/generic/bigintcalc/bigintcalc.sty
Package: bigintcalc 2019/12/15 v1.5 Expandable calculations on big integers (HO)
))
\Fld@menulength=\count296
\Field@Width=\dimen154
\Fld@charsize=\dimen155
Package hyperref Info: Hyper figures OFF on input line 6042.
Package hyperref Info: Link nesting OFF on input line 6047.
Package hyperref Info: Hyper index ON on input line 6050.
Package hyperref Info: backreferencing OFF on input line 6057.
Package hyperref Info: Link coloring OFF on input line 6062.
Package hyperref Info: Link coloring with OCG OFF on input line 6067.
Package hyperref Info: PDF/A mode OFF on input line 6072.
 (/Users/cberrett/Library/TinyTeX/texmf-dist/tex/latex/base/atbegshi-ltx.sty
Package: atbegshi-ltx 2021/01/10 v1.0c Emulation of the original atbegshi
package with kernel methods
)
\Hy@abspage=\count297
\c@Item=\count298
\c@Hfootnote=\count299
)
Package hyperref Info: Driver (autodetected): hpdftex.
 (/Users/cberrett/Library/TinyTeX/texmf-dist/tex/latex/hyperref/hpdftex.def
File: hpdftex.def 2024-11-05 v7.01l Hyperref driver for pdfTeX
 (/Users/cberrett/Library/TinyTeX/texmf-dist/tex/latex/base/atveryend-ltx.sty
Package: atveryend-ltx 2020/08/19 v1.0a Emulation of the original atveryend package
with kernel methods
)
\Fld@listcount=\count300
\c@bookmark@seq@number=\count301
 (/Users/cberrett/Library/TinyTeX/texmf-dist/tex/latex/rerunfilecheck/rerunfilecheck.sty
Package: rerunfilecheck 2022-07-10 v1.10 Rerun checks for auxiliary files (HO)
 (/Users/cberrett/Library/TinyTeX/texmf-dist/tex/generic/uniquecounter/uniquecounter.sty
Package: uniquecounter 2019/12/15 v1.4 Provide unlimited unique counter (HO)
)
Package uniquecounter Info: New unique counter `rerunfilecheck' on input line 285.
)
\Hy@SectionHShift=\skip59
)
Package hyperref Info: Option `colorlinks' set `true' on input line 413.
Package hyperref Info: Option `linktocpage' set `true' on input line 413.
Package hyperref Info: Option `plainpages' set `false' on input line 413.
) (/Users/cberrett/Library/TinyTeX/texmf-dist/tex/latex/base/makeidx.sty
Package: makeidx 2021/10/04 v1.0m Standard LaTeX package
)
\@indexfile=\write3
\openout3 = `Rd2.idx'.


Writing index file Rd2.idx
LaTeX Font Info:    Trying to load font information for T1+ptm on input line 8.
(/Users/cberrett/Library/TinyTeX/texmf-dist/tex/latex/psnfss/t1ptm.fd
File: t1ptm.fd 2001/06/04 font definitions for T1/ptm.
) (/Users/cberrett/Library/TinyTeX/texmf-dist/tex/latex/l3backend/l3backend-pdftex.def
File: l3backend-pdftex.def 2024-05-08 L3 backend support: PDF output (pdfTeX)
\l__color_backend_stack_int=\count302
\l__pdf_internal_box=\box59
) (/private/var/folders/9m/5m_kgz6s43s87jgls3tcc6j40000gp/T/RtmpdmmCpi/Rd2pdf563368c2aa32/Rd2.aux)
\openout1 = `Rd2.aux'.

LaTeX Font Info:    Checking defaults for OML/cmm/m/it on input line 8.
LaTeX Font Info:    ... okay on input line 8.
LaTeX Font Info:    Checking defaults for OMS/cmsy/m/n on input line 8.
LaTeX Font Info:    ... okay on input line 8.
LaTeX Font Info:    Checking defaults for OT1/cmr/m/n on input line 8.
LaTeX Font Info:    ... okay on input line 8.
LaTeX Font Info:    Checking defaults for T1/cmr/m/n on input line 8.
LaTeX Font Info:    ... okay on input line 8.
LaTeX Font Info:    Checking defaults for TS1/cmr/m/n on input line 8.
LaTeX Font Info:    ... okay on input line 8.
LaTeX Font Info:    Checking defaults for OMX/cmex/m/n on input line 8.
LaTeX Font Info:    ... okay on input line 8.
LaTeX Font Info:    Checking defaults for U/cmr/m/n on input line 8.
LaTeX Font Info:    ... okay on input line 8.
LaTeX Font Info:    Checking defaults for PD1/pdf/m/n on input line 8.
LaTeX Font Info:    ... okay on input line 8.
LaTeX Font Info:    Checking defaults for PU/pdf/m/n on input line 8.
LaTeX Font Info:    ... okay on input line 8.
Package hyperref Info: Link coloring ON on input line 8.
 (/private/var/folders/9m/5m_kgz6s43s87jgls3tcc6j40000gp/T/RtmpdmmCpi/Rd2pdf563368c2aa32/Rd2.out) (/private/var/folders/9m/5m_kgz6s43s87jgls3tcc6j40000gp/T/RtmpdmmCpi/Rd2pdf563368c2aa32/Rd2.out)
\@outlinefile=\write4
\openout4 = `Rd2.out'.

LaTeX Font Info:    Trying to load font information for T1+zi4 on input line 35.
 (/Users/cberrett/Library/TinyTeX/texmf-dist/tex/latex/inconsolata/t1zi4.fd
File: t1zi4.fd 2018/01/14 T1/zi4 (Inconsolata)
)
LaTeX Font Info:    Font shape `T1/zi4/m/n' will be
(Font)              scaled to size 10.0pt on input line 35.
LaTeX Font Info:    Trying to load font information for U+msa on input line 35.
 (/Users/cberrett/Library/TinyTeX/texmf-dist/tex/latex/amsfonts/umsa.fd
File: umsa.fd 2013/01/14 v3.01 AMS symbols A
)
LaTeX Font Info:    Trying to load font information for U+msb on input line 35.
 (/Users/cberrett/Library/TinyTeX/texmf-dist/tex/latex/amsfonts/umsb.fd
File: umsb.fd 2013/01/14 v3.01 AMS symbols B
)
LaTeX Font Info:    Trying to load font information for U+rsfs on input line 35.
 (/Users/cberrett/Library/TinyTeX/texmf-dist/tex/latex/jknapltx/ursfs.fd
File: ursfs.fd 1998/03/24 rsfs font definition file (jk)
) (/private/var/folders/9m/5m_kgz6s43s87jgls3tcc6j40000gp/T/RtmpdmmCpi/Rd2pdf563368c2aa32/Rd2.toc

[1


{/Users/cberrett/Library/TinyTeX/texmf-var/fonts/map/pdftex/updmap/pdftex.map}{/Users/cberrett/Library/TinyTeX/texmf-dist/fonts/enc/dvips/base/8r.enc}{/Users/cberrett/Library/TinyTeX/texmf-dist/fonts/enc/dvips/inconsolata/i4-t1-0.enc}])
\tf@toc=\write5
\openout5 = `Rd2.toc'.



[2]
Overfull \hbox (27.45981pt too wide) in paragraph at lines 120--121
\T1/ptm/m/n/10 po-nents. The de-fault value is []\T1/zi4/m/n/10 min(7, ceiling(length(unique(yday(dates)))/3))[]\T1/ptm/m/n/10 ,
 []

LaTeX Font Info:    Trying to load font information for TS1+zi4 on input line 122.
(/Users/cberrett/Library/TinyTeX/texmf-dist/tex/latex/inconsolata/ts1zi4.fd
File: ts1zi4.fd 2018/01/14 TS1/zi4 (Inconsolata)
)
LaTeX Font Info:    Font shape `TS1/zi4/m/n' will be
(Font)              scaled to size 10.0pt on input line 122.

Overfull \hbox (7.89809pt too wide) in paragraph at lines 124--125
[]\T1/ptm/m/n/10 Numeric scalar in-di-cat-ing the num-ber of spa-tial bases to use when []\T1/zi4/m/n/10 spatial.style
 []



[3{/Users/cberrett/Library/TinyTeX/texmf-dist/fonts/enc/dvips/inconsolata/i4-ts1.enc}]
Overfull \hbox (50.67824pt too wide) in paragraph at lines 126--127
[]\T1/ptm/m/n/10 Numeric scalar in-di-cat-ing the num-ber of res-o-lu-tions to use for when []\T1/zi4/m/n/10 spatial.style=\TS1/zi4/m/n/10 '\T1/zi4/m/n/10 grid\TS1/zi4/m/n/10 '
 []


Overfull \hbox (0.647pt too wide) in paragraph at lines 128--129
[]\T1/ptm/m/n/10 Numeric scalar in-di-cat-ing the max-i-mum dis-tance at which a ba-sis value is greater
 []


Overfull \hbox (24.34853pt too wide) in paragraph at lines 132--133
[]\T1/ptm/m/n/10 Logical scalar in-di-cat-ing whether to plot the knots used when []\T1/zi4/m/n/10 spatial.style=\TS1/zi4/m/n/10 '\T1/zi4/m/n/10 grid\TS1/zi4/m/n/10 '
 []


Overfull \hbox (43.46956pt too wide) in paragraph at lines 142--143
\T1/ptm/m/n/10 as or dif-fer-ent than []\T1/zi4/m/n/10 n.spatial.bases[]\T1/ptm/m/n/10 . De-fault is []\T1/zi4/m/n/10 min(6, ceiling(dim(coords)[1]/3))[]\T1/ptm/m/n/10 . 
 []


Overfull \hbox (6.73912pt too wide) in paragraph at lines 144--145
[]\T1/ptm/m/n/10 (as-sumed to be lon-gi-tude) for the Fourier bases when []\T1/zi4/m/n/10 spatial.style=\TS1/zi4/m/n/10 '\T1/zi4/m/n/10 fourier\TS1/zi4/m/n/10 '
 []


Overfull \hbox (6.06992pt too wide) in paragraph at lines 144--145
[]\T1/ptm/m/n/10 and/or []\T1/zi4/m/n/10 load.style=\TS1/zi4/m/n/10 '\T1/zi4/m/n/10 fourier\TS1/zi4/m/n/10 '[]\T1/ptm/m/n/10 . De-fault value is []\T1/zi4/m/n/10 4*diff(range(coords[,1]))[]\T1/ptm/m/n/10 . 
 []


Overfull \hbox (6.06992pt too wide) in paragraph at lines 146--147
[]\T1/ptm/m/n/10 and/or []\T1/zi4/m/n/10 load.style=\TS1/zi4/m/n/10 '\T1/zi4/m/n/10 fourier\TS1/zi4/m/n/10 '[]\T1/ptm/m/n/10 . De-fault value is []\T1/zi4/m/n/10 4*diff(range(coords[,2]))[]\T1/ptm/m/n/10 . 
 []



[4]
Overfull \hbox (12.24747pt too wide) in paragraph at lines 193--194
[]\T1/ptm/m/n/10 An mcmc ob-ject of size []\T1/zi4/m/n/10 draws []\T1/ptm/m/n/10 by []\T1/zi4/m/n/10 n.locs []\T1/ptm/m/n/10 con-tain-ing the pos-te-rior draws for the in-crease/decrease
 []



[5]
Overfull \hbox (5.67712pt too wide) in paragraph at lines 208--209
\T1/ptm/m/n/10 of spa-tial ba-sis co-ef-fi-cients for the mean, lin-ear, and sea-sonal pro-cess co-ef-fi-cients. []\T1/zi4/m/n/10 linear.Tsub
 []


Overfull \hbox (5.21715pt too wide) in paragraph at lines 208--209
[]\T1/ptm/m/n/10 is the ma-trix used to en-force a lin-ear in-crease/increase (slope) across time. []\T1/zi4/m/n/10 seasonal.bs.basis
 []


Overfull \hbox (6.6876pt too wide) in paragraph at lines 208--209
[]\T1/ptm/m/n/10 is the ma-trix con-tain-ing the cir-cu-lar b-splines of the sea-sonal pro-cess. []\T1/zi4/m/n/10 confoundingPmat.prime
 []

LaTeX Font Info:    Font shape `T1/zi4/m/n' will be
(Font)              scaled to size 9.0pt on input line 227.


[6]

[7]

[8]
Overfull \hbox (27.45981pt too wide) in paragraph at lines 323--324
\T1/ptm/m/n/10 po-nents. The de-fault value is []\T1/zi4/m/n/10 min(7, ceiling(length(unique(yday(dates)))/3))[]\T1/ptm/m/n/10 ,
 []


Overfull \hbox (7.89809pt too wide) in paragraph at lines 327--328
[]\T1/ptm/m/n/10 Numeric scalar in-di-cat-ing the num-ber of spa-tial bases to use when []\T1/zi4/m/n/10 spatial.style
 []


Overfull \hbox (53.17824pt too wide) in paragraph at lines 329--330
[]\T1/ptm/m/n/10 Numeric scalar in-di-cat-ing the num-ber of res-o-lu-tions to use for when []\T1/zi4/m/n/10 spatial.style=\TS1/zi4/m/n/10 '\T1/zi4/m/n/10 grid\TS1/zi4/m/n/10 '[]\T1/ptm/m/n/10 .
 []


Overfull \hbox (0.647pt too wide) in paragraph at lines 331--332
[]\T1/ptm/m/n/10 Numeric scalar in-di-cat-ing the max-i-mum dis-tance at which a ba-sis value is greater
 []


Overfull \hbox (5.40976pt too wide) in paragraph at lines 331--332
\T1/ptm/m/n/10 than zero when []\T1/zi4/m/n/10 spatial.style=\TS1/zi4/m/n/10 '\T1/zi4/m/n/10 grid\TS1/zi4/m/n/10 '[]\T1/ptm/m/n/10 . De-fault value is []\T1/zi4/m/n/10 mean(dist(coords))[]\T1/ptm/m/n/10 . 
 []


Overfull \hbox (26.84853pt too wide) in paragraph at lines 335--336
[]\T1/ptm/m/n/10 Logical scalar in-di-cat-ing whether to plot the knots used when []\T1/zi4/m/n/10 spatial.style=\TS1/zi4/m/n/10 '\T1/zi4/m/n/10 grid\TS1/zi4/m/n/10 '[]\T1/ptm/m/n/10 .
 []


Overfull \hbox (9.23912pt too wide) in paragraph at lines 337--338
[]\T1/ptm/m/n/10 (as-sumed to be lon-gi-tude) for the Fourier bases when []\T1/zi4/m/n/10 spatial.style=\TS1/zi4/m/n/10 '\T1/zi4/m/n/10 fourier\TS1/zi4/m/n/10 '[]\T1/ptm/m/n/10 .
 []


Overfull \hbox (1.45895pt too wide) in paragraph at lines 339--340
[]\T1/ptm/m/n/10 (as-sumed to be lat-i-tude) for the Fourier bases when []\T1/zi4/m/n/10 spatial.style=\TS1/zi4/m/n/10 '\T1/zi4/m/n/10 fourier\TS1/zi4/m/n/10 '[]\T1/ptm/m/n/10 .
 []



[9]
Overfull \hbox (7.59836pt too wide) in paragraph at lines 393--394
\T1/ptm/m/n/10 gres-sive cor-re-la-tion ma-trix for the fac-tors. De-fault is []\T1/zi4/m/n/10 matrix(0.001, n.factors,
 []



[10]
Overfull \hbox (12.24747pt too wide) in paragraph at lines 418--419
[]\T1/ptm/m/n/10 An mcmc ob-ject of size []\T1/zi4/m/n/10 draws []\T1/ptm/m/n/10 by []\T1/zi4/m/n/10 n.locs []\T1/ptm/m/n/10 con-tain-ing the pos-te-rior draws for the in-crease/decrease
 []



[11]
Overfull \hbox (5.67712pt too wide) in paragraph at lines 433--434
\T1/ptm/m/n/10 of spa-tial ba-sis co-ef-fi-cients for the mean, lin-ear, and sea-sonal pro-cess co-ef-fi-cients. []\T1/zi4/m/n/10 linear.Tsub
 []


Overfull \hbox (5.21715pt too wide) in paragraph at lines 433--434
[]\T1/ptm/m/n/10 is the ma-trix used to en-force a lin-ear in-crease/increase (slope) across time. []\T1/zi4/m/n/10 seasonal.bs.basis
 []


Overfull \hbox (6.6876pt too wide) in paragraph at lines 433--434
[]\T1/ptm/m/n/10 is the ma-trix con-tain-ing the cir-cu-lar b-splines of the sea-sonal pro-cess. []\T1/zi4/m/n/10 confoundingPmat.prime
 []



[12]

[13]

[14]
Overfull \hbox (33.09036pt too wide) in paragraph at lines 606--606
 []  \T1/zi4/m/n/10 color.gradient = colorRampPalette(rev(RColorBrewer::brewer.pal(9, name = "RdBu")))(50)[] 
 []



[15]

[16] (/private/var/folders/9m/5m_kgz6s43s87jgls3tcc6j40000gp/T/RtmpdmmCpi/Rd2pdf563368c2aa32/Rd2.ind

[17]



[18


]) (/private/var/folders/9m/5m_kgz6s43s87jgls3tcc6j40000gp/T/RtmpdmmCpi/Rd2pdf563368c2aa32/Rd2.aux)
 ***********
LaTeX2e <2024-11-01> patch level 2
L3 programming layer <2025-01-18>
 ***********
Package rerunfilecheck Info: File `Rd2.out' has not changed.
(rerunfilecheck)             Checksum: DA1784A073772A51AAF2ED226D457D7D;1521.
 ) 
Here is how much of TeX's memory you used:
 10425 strings out of 475111
 159770 string characters out of 5762982
 553985 words of memory out of 5000000
 33170 multiletter control sequences out of 15000+600000
 592679 words of font info for 79 fonts, out of 8000000 for 9000
 36 hyphenation exceptions out of 8191
 92i,6n,95p,989b,699s stack positions out of 10000i,1000n,20000p,200000b,200000s
</Users/cberrett/Library/TinyTeX/texmf-dist/fonts/type1/public/inconsolata/Inconsolata-zi4r.pfb></Users/cberrett/Library/TinyTeX/texmf-dist/fonts/type1/urw/times/utmb8a.pfb></Users/cberrett/Library/TinyTeX/texmf-dist/fonts/type1/urw/times/utmr8a.pfb></Users/cberrett/Library/TinyTeX/texmf-dist/fonts/type1/urw/times/utmr8a.pfb></Users/cberrett/Library/TinyTeX/texmf-dist/fonts/type1/urw/times/utmri8a.pfb>
Output written on Rd2.pdf (18 pages, 118427 bytes).
PDF statistics:
 281 PDF objects out of 1000 (max. 8388607)
 247 compressed objects within 3 object streams
 93 named destinations out of 1000 (max. 500000)
 113 words of extra memory for PDF output out of 10000 (max. 10000000)

