Hmm ... looks like a package
Converting parsed Rd's to LaTeX .
Creating pdf output from LaTeX ...

kpathsea: Running mktexpk --mfmode / --bdpi 600 --mag 1+0/600 --dpi 600 tcrm1000
mktexpk: Running mf-nowin -progname=mf \mode:=ljfour; mag:=1+0/600; nonstopmode; input tcrm1000
This is METAFONT, Version 2.71828182 (TeX Live 2024) (preloaded base=mf)

(/Users/cberrett/Library/TinyTeX/texmf-dist/fonts/source/jknappen/ec/tcrm1000.mf (/Users/cberrett/Library/TinyTeX/texmf-dist/fonts/source/jknappen/ec/exbase.mf) (/Users/cberrett/Library/TinyTeX/texmf-dist/fonts/source/jknappen/ec/tcrm.mf (/Users/cberrett/Library/TinyTeX/texmf-dist/fonts/source/jknappen/ec/txsymb.mf
 Ok (/Users/cberrett/Library/TinyTeX/texmf-dist/fonts/source/jknappen/ec/exaccess.mf
 Ok) (/Users/cberrett/Library/TinyTeX/texmf-dist/fonts/source/jknappen/ec/txpseudo.mf
 Ok) (/Users/cberrett/Library/TinyTeX/texmf-dist/fonts/source/jknappen/ec/txaccent.mf
 Ok [0] [1] [2] [3] [4] [5] [6] [7] [8] [9] [10] [11] [12] [27] [29]) (/Users/cberrett/Library/TinyTeX/texmf-dist/fonts/source/jknappen/ec/txgen.mf
 Ok [100] [109] [98] [99] [108]) (/Users/cberrett/Library/TinyTeX/texmf-dist/fonts/source/jknappen/ec/txsymbol.mf
 Ok [13] [18] [21] [22] [23] [24] [25] [26] [28] [31] [32] [36] [39] [44] [45] [46] [42] [47] [60] [61] [62] [77] [79] [87] [110] [91] [93] [94] [95] [96] [126] [127] [128] [129] [130] [131] [132] [133] [134] [135] [136] [137] [138] [139] [140] [141] [142] [143] [144] [145] [146] [147] [148] [149] [150] [151] [152] [153] [154] [155] [156] [157] [158] [159] [160] [161] [162] [163] [164] [165] [166] [167] [168] [169] [171] [172] [173] [174] [175] [177] [176] [180] [181] [182] [183] [184] [187] [191] [214] [246]) (/Users/cberrett/Library/TinyTeX/texmf-dist/fonts/source/jknappen/ec/txromod.mf
 Ok [48] [49] [50] [51] [52] [53] [54] [55] [56] [57]) (/Users/cberrett/Library/TinyTeX/texmf-dist/fonts/source/jknappen/ec/txrsuper.mf
 Ok [185] [178] [179] [170] [186]) (/Users/cberrett/Library/TinyTeX/texmf-dist/fonts/source/jknappen/ec/txrfract.mf
 Ok [188] [189] [190]) ) ) )
(some charht values had to be adjusted by as much as 0.06943pt)
Font metrics written on tcrm1000.tfm.
Output written on tcrm1000.600gf (128 characters, 23548 bytes).
Transcript written on tcrm1000.log.
mktexpk: /Users/cberrett/Library/TinyTeX/texmf-var/fonts/pk/ljfour/jknappen/ec/tcrm1000.600pk: successfully generated.
This is pdfTeX, Version 3.141592653-2.6-1.40.26 (TeX Live 2024) (preloaded format=pdflatex)
 restricted \write18 enabled.
entering extended mode
LaTeX2e <2024-11-01> patch level 2
L3 programming layer <2025-01-18>
(./Rd2.tex
(/Users/cberrett/Library/TinyTeX/texmf-dist/tex/latex/base/book.cls
Document Class: book 2024/06/29 v1.4n Standard LaTeX document class
(/Users/cberrett/Library/TinyTeX/texmf-dist/tex/latex/base/bk10.clo)) (/Library/Frameworks/R.framework/Resources/share/texmf/tex/latex/Rd.sty (/Users/cberrett/Library/TinyTeX/texmf-dist/tex/latex/base/ifthen.sty) (/Users/cberrett/Library/TinyTeX/texmf-dist/tex/generic/iftex/iftex.sty) (/Users/cberrett/Library/TinyTeX/texmf-dist/tex/latex/tools/longtable.sty) (/Users/cberrett/Library/TinyTeX/texmf-dist/tex/latex/tools/bm.sty) (/Users/cberrett/Library/TinyTeX/texmf-dist/tex/latex/base/alltt.sty) (/Users/cberrett/Library/TinyTeX/texmf-dist/tex/latex/tools/verbatim.sty) (/Users/cberrett/Library/TinyTeX/texmf-dist/tex/latex/url/url.sty) (/Users/cberrett/Library/TinyTeX/texmf-dist/tex/latex/base/textcomp.sty) (/Users/cberrett/Library/TinyTeX/texmf-dist/tex/latex/amsmath/amsmath.sty
For additional information on amsmath, use the `?' option.
(/Users/cberrett/Library/TinyTeX/texmf-dist/tex/latex/amsmath/amstext.sty (/Users/cberrett/Library/TinyTeX/texmf-dist/tex/latex/amsmath/amsgen.sty)) (/Users/cberrett/Library/TinyTeX/texmf-dist/tex/latex/amsmath/amsbsy.sty) (/Users/cberrett/Library/TinyTeX/texmf-dist/tex/latex/amsmath/amsopn.sty)) (/Users/cberrett/Library/TinyTeX/texmf-dist/tex/latex/amsfonts/amsfonts.sty) (/Users/cberrett/Library/TinyTeX/texmf-dist/tex/latex/amsfonts/amssymb.sty) (/Users/cberrett/Library/TinyTeX/texmf-dist/tex/latex/jknapltx/mathrsfs.sty) (/Users/cberrett/Library/TinyTeX/texmf-dist/tex/latex/base/fontenc.sty) (/Users/cberrett/Library/TinyTeX/texmf-dist/tex/latex/psnfss/times.sty) (/Users/cberrett/Library/TinyTeX/texmf-dist/tex/latex/inconsolata/zi4.sty `inconsolata-zi4' v1.12, 2019/05/17 Text macros for Inconsolata (msharpe) (/Users/cberrett/Library/TinyTeX/texmf-dist/tex/latex/xkeyval/xkeyval.sty (/Users/cberrett/Library/TinyTeX/texmf-dist/tex/generic/xkeyval/xkeyval.tex (/Users/cberrett/Library/TinyTeX/texmf-dist/tex/generic/xkeyval/xkvutils.tex (/Users/cberrett/Library/TinyTeX/texmf-dist/tex/generic/xkeyval/keyval.tex))))) (/Users/cberrett/Library/TinyTeX/texmf-dist/tex/latex/graphics/color.sty (/Users/cberrett/Library/TinyTeX/texmf-dist/tex/latex/graphics-cfg/color.cfg) (/Users/cberrett/Library/TinyTeX/texmf-dist/tex/latex/graphics-def/pdftex.def) (/Users/cberrett/Library/TinyTeX/texmf-dist/tex/latex/graphics/mathcolor.ltx)) (/Users/cberrett/Library/TinyTeX/texmf-dist/tex/latex/hyperref/hyperref.sty (/Users/cberrett/Library/TinyTeX/texmf-dist/tex/latex/kvsetkeys/kvsetkeys.sty) (/Users/cberrett/Library/TinyTeX/texmf-dist/tex/generic/kvdefinekeys/kvdefinekeys.sty) (/Users/cberrett/Library/TinyTeX/texmf-dist/tex/generic/pdfescape/pdfescape.sty (/Users/cberrett/Library/TinyTeX/texmf-dist/tex/generic/ltxcmds/ltxcmds.sty) (/Users/cberrett/Library/TinyTeX/texmf-dist/tex/generic/pdftexcmds/pdftexcmds.sty (/Users/cberrett/Library/TinyTeX/texmf-dist/tex/generic/infwarerr/infwarerr.sty))) (/Users/cberrett/Library/TinyTeX/texmf-dist/tex/latex/hycolor/hycolor.sty) (/Users/cberrett/Library/TinyTeX/texmf-dist/tex/latex/hyperref/nameref.sty (/Users/cberrett/Library/TinyTeX/texmf-dist/tex/latex/refcount/refcount.sty) (/Users/cberrett/Library/TinyTeX/texmf-dist/tex/generic/gettitlestring/gettitlestring.sty (/Users/cberrett/Library/TinyTeX/texmf-dist/tex/latex/kvoptions/kvoptions.sty))) (/Users/cberrett/Library/TinyTeX/texmf-dist/tex/latex/etoolbox/etoolbox.sty) (/Users/cberrett/Library/TinyTeX/texmf-dist/tex/generic/stringenc/stringenc.sty) (/Users/cberrett/Library/TinyTeX/texmf-dist/tex/latex/hyperref/pd1enc.def) (/Users/cberrett/Library/TinyTeX/texmf-dist/tex/generic/intcalc/intcalc.sty) (/Users/cberrett/Library/TinyTeX/texmf-dist/tex/latex/hyperref/puenc.def) (/Users/cberrett/Library/TinyTeX/texmf-dist/tex/generic/bitset/bitset.sty (/Users/cberrett/Library/TinyTeX/texmf-dist/tex/generic/bigintcalc/bigintcalc.sty)) (/Users/cberrett/Library/TinyTeX/texmf-dist/tex/latex/base/atbegshi-ltx.sty)) (/Users/cberrett/Library/TinyTeX/texmf-dist/tex/latex/hyperref/hpdftex.def (/Users/cberrett/Library/TinyTeX/texmf-dist/tex/latex/base/atveryend-ltx.sty) (/Users/cberrett/Library/TinyTeX/texmf-dist/tex/latex/rerunfilecheck/rerunfilecheck.sty (/Users/cberrett/Library/TinyTeX/texmf-dist/tex/generic/uniquecounter/uniquecounter.sty)))) (/Users/cberrett/Library/TinyTeX/texmf-dist/tex/latex/base/makeidx.sty)
Writing index file Rd2.idx
(/Users/cberrett/Library/TinyTeX/texmf-dist/tex/latex/psnfss/t1ptm.fd) (/Users/cberrett/Library/TinyTeX/texmf-dist/tex/latex/l3backend/l3backend-pdftex.def)
No file Rd2.aux.
(/Users/cberrett/Library/TinyTeX/texmf-dist/tex/latex/inconsolata/t1zi4.fd) (/Users/cberrett/Library/TinyTeX/texmf-dist/tex/latex/amsfonts/umsa.fd) (/Users/cberrett/Library/TinyTeX/texmf-dist/tex/latex/amsfonts/umsb.fd) (/Users/cberrett/Library/TinyTeX/texmf-dist/tex/latex/jknapltx/ursfs.fd)
No file Rd2.toc.

[1{/Users/cberrett/Library/TinyTeX/texmf-var/fonts/map/pdftex/updmap/pdftex.map}{/Users/cberrett/Library/TinyTeX/texmf-dist/fonts/enc/dvips/base/8r.enc}{/Users/cberrett/Library/TinyTeX/texmf-dist/fonts/enc/dvips/inconsolata/i4-t1-0.enc}]
[2]
Overfull \hbox (27.45981pt too wide) in paragraph at lines 122--123
\T1/ptm/m/n/10 po-nents. The de-fault value is []\T1/zi4/m/n/10 min(7, ceiling(length(unique(yday(dates)))/3))[]\T1/ptm/m/n/10 ,
(/Users/cberrett/Library/TinyTeX/texmf-dist/tex/latex/inconsolata/ts1zi4.fd)
Overfull \hbox (7.89809pt too wide) in paragraph at lines 126--127
[]\T1/ptm/m/n/10 Numeric scalar in-di-cat-ing the num-ber of spa-tial bases to use when []\T1/zi4/m/n/10 spatial.style

Overfull \hbox (50.67824pt too wide) in paragraph at lines 128--129
[]\T1/ptm/m/n/10 Numeric scalar in-di-cat-ing the num-ber of res-o-lu-tions to use for when []\T1/zi4/m/n/10 spatial.style=\TS1/zi4/m/n/10 '\T1/zi4/m/n/10 grid\TS1/zi4/m/n/10 '

Overfull \hbox (0.647pt too wide) in paragraph at lines 130--131
[]\T1/ptm/m/n/10 Numeric scalar in-di-cat-ing the max-i-mum dis-tance at which a ba-sis value is greater

[3{/Users/cberrett/Library/TinyTeX/texmf-dist/fonts/enc/dvips/inconsolata/i4-ts1.enc}]
Overfull \hbox (24.34853pt too wide) in paragraph at lines 134--135
[]\T1/ptm/m/n/10 Logical scalar in-di-cat-ing whether to plot the knots used when []\T1/zi4/m/n/10 spatial.style=\TS1/zi4/m/n/10 '\T1/zi4/m/n/10 grid\TS1/zi4/m/n/10 '

Overfull \hbox (43.46956pt too wide) in paragraph at lines 144--145
\T1/ptm/m/n/10 as or dif-fer-ent than []\T1/zi4/m/n/10 n.spatial.bases[]\T1/ptm/m/n/10 . De-fault is []\T1/zi4/m/n/10 min(6, ceiling(dim(coords)[1]/3))[]\T1/ptm/m/n/10 . 

Overfull \hbox (6.73912pt too wide) in paragraph at lines 146--147
[]\T1/ptm/m/n/10 (as-sumed to be lon-gi-tude) for the Fourier bases when []\T1/zi4/m/n/10 spatial.style=\TS1/zi4/m/n/10 '\T1/zi4/m/n/10 fourier\TS1/zi4/m/n/10 '

Overfull \hbox (6.06992pt too wide) in paragraph at lines 146--147
[]\T1/ptm/m/n/10 and/or []\T1/zi4/m/n/10 load.style=\TS1/zi4/m/n/10 '\T1/zi4/m/n/10 fourier\TS1/zi4/m/n/10 '[]\T1/ptm/m/n/10 . De-fault value is []\T1/zi4/m/n/10 4*diff(range(coords[,1]))[]\T1/ptm/m/n/10 . 

Overfull \hbox (6.06992pt too wide) in paragraph at lines 148--149
[]\T1/ptm/m/n/10 and/or []\T1/zi4/m/n/10 load.style=\TS1/zi4/m/n/10 '\T1/zi4/m/n/10 fourier\TS1/zi4/m/n/10 '[]\T1/ptm/m/n/10 . De-fault value is []\T1/zi4/m/n/10 4*diff(range(coords[,2]))[]\T1/ptm/m/n/10 . 

[4]
Overfull \hbox (12.24747pt too wide) in paragraph at lines 195--196
[]\T1/ptm/m/n/10 An mcmc ob-ject of size []\T1/zi4/m/n/10 draws []\T1/ptm/m/n/10 by []\T1/zi4/m/n/10 n.locs []\T1/ptm/m/n/10 con-tain-ing the pos-te-rior draws for the in-crease/decrease

[5]
Overfull \hbox (5.67712pt too wide) in paragraph at lines 210--211
\T1/ptm/m/n/10 of spa-tial ba-sis co-ef-fi-cients for the mean, lin-ear, and sea-sonal pro-cess co-ef-fi-cients. []\T1/zi4/m/n/10 linear.Tsub

Overfull \hbox (5.21715pt too wide) in paragraph at lines 210--211
[]\T1/ptm/m/n/10 is the ma-trix used to en-force a lin-ear in-crease/increase (slope) across time. []\T1/zi4/m/n/10 seasonal.bs.basis

Overfull \hbox (6.6876pt too wide) in paragraph at lines 210--211
[]\T1/ptm/m/n/10 is the ma-trix con-tain-ing the cir-cu-lar b-splines of the sea-sonal pro-cess. []\T1/zi4/m/n/10 confoundingPmat.prime

[6]
[7]
Overfull \hbox (27.45981pt too wide) in paragraph at lines 325--326
\T1/ptm/m/n/10 po-nents. The de-fault value is []\T1/zi4/m/n/10 min(7, ceiling(length(unique(yday(dates)))/3))[]\T1/ptm/m/n/10 ,

[8]
Overfull \hbox (7.89809pt too wide) in paragraph at lines 329--330
[]\T1/ptm/m/n/10 Numeric scalar in-di-cat-ing the num-ber of spa-tial bases to use when []\T1/zi4/m/n/10 spatial.style

Overfull \hbox (53.17824pt too wide) in paragraph at lines 331--332
[]\T1/ptm/m/n/10 Numeric scalar in-di-cat-ing the num-ber of res-o-lu-tions to use for when []\T1/zi4/m/n/10 spatial.style=\TS1/zi4/m/n/10 '\T1/zi4/m/n/10 grid\TS1/zi4/m/n/10 '[]\T1/ptm/m/n/10 .

Overfull \hbox (0.647pt too wide) in paragraph at lines 333--334
[]\T1/ptm/m/n/10 Numeric scalar in-di-cat-ing the max-i-mum dis-tance at which a ba-sis value is greater

Overfull \hbox (5.40976pt too wide) in paragraph at lines 333--334
\T1/ptm/m/n/10 than zero when []\T1/zi4/m/n/10 spatial.style=\TS1/zi4/m/n/10 '\T1/zi4/m/n/10 grid\TS1/zi4/m/n/10 '[]\T1/ptm/m/n/10 . De-fault value is []\T1/zi4/m/n/10 mean(dist(coords))[]\T1/ptm/m/n/10 . 

Overfull \hbox (26.84853pt too wide) in paragraph at lines 337--338
[]\T1/ptm/m/n/10 Logical scalar in-di-cat-ing whether to plot the knots used when []\T1/zi4/m/n/10 spatial.style=\TS1/zi4/m/n/10 '\T1/zi4/m/n/10 grid\TS1/zi4/m/n/10 '[]\T1/ptm/m/n/10 .

Overfull \hbox (9.23912pt too wide) in paragraph at lines 339--340
[]\T1/ptm/m/n/10 (as-sumed to be lon-gi-tude) for the Fourier bases when []\T1/zi4/m/n/10 spatial.style=\TS1/zi4/m/n/10 '\T1/zi4/m/n/10 fourier\TS1/zi4/m/n/10 '[]\T1/ptm/m/n/10 .

Overfull \hbox (1.45895pt too wide) in paragraph at lines 341--342
[]\T1/ptm/m/n/10 (as-sumed to be lat-i-tude) for the Fourier bases when []\T1/zi4/m/n/10 spatial.style=\TS1/zi4/m/n/10 '\T1/zi4/m/n/10 fourier\TS1/zi4/m/n/10 '[]\T1/ptm/m/n/10 .

[9]
Overfull \hbox (7.59836pt too wide) in paragraph at lines 395--396
\T1/ptm/m/n/10 gres-sive cor-re-la-tion ma-trix for the fac-tors. De-fault is []\T1/zi4/m/n/10 matrix(0.001, n.factors,

[10]
Overfull \hbox (12.24747pt too wide) in paragraph at lines 420--421
[]\T1/ptm/m/n/10 An mcmc ob-ject of size []\T1/zi4/m/n/10 draws []\T1/ptm/m/n/10 by []\T1/zi4/m/n/10 n.locs []\T1/ptm/m/n/10 con-tain-ing the pos-te-rior draws for the in-crease/decrease

[11]
Overfull \hbox (5.67712pt too wide) in paragraph at lines 435--436
\T1/ptm/m/n/10 of spa-tial ba-sis co-ef-fi-cients for the mean, lin-ear, and sea-sonal pro-cess co-ef-fi-cients. []\T1/zi4/m/n/10 linear.Tsub

Overfull \hbox (5.21715pt too wide) in paragraph at lines 435--436
[]\T1/ptm/m/n/10 is the ma-trix used to en-force a lin-ear in-crease/increase (slope) across time. []\T1/zi4/m/n/10 seasonal.bs.basis

Overfull \hbox (6.6876pt too wide) in paragraph at lines 435--436
[]\T1/ptm/m/n/10 is the ma-trix con-tain-ing the cir-cu-lar b-splines of the sea-sonal pro-cess. []\T1/zi4/m/n/10 confoundingPmat.prime

[12]
[13]
[14]
Overfull \hbox (33.09036pt too wide) in paragraph at lines 608--608
 []  \T1/zi4/m/n/10 color.gradient = colorRampPalette(rev(RColorBrewer::brewer.pal(9, name = "RdBu")))(50)[] 

[15]
[16]
No file Rd2.ind.

[17] (/private/var/folders/9m/5m_kgz6s43s87jgls3tcc6j40000gp/T/Rtmp0RrtBB/Rd2pdf14a4b6cf991c7/Rd2.aux)

Package rerunfilecheck Warning: File `Rd2.out' has changed.
(rerunfilecheck)                Rerun to get outlines right
(rerunfilecheck)                or use package `bookmark'.

 )
(see the transcript file for additional information) </Users/cberrett/Library/TinyTeX/texmf-var/fonts/pk/ljfour/jknappen/ec/tcrm1000.600pk></Users/cberrett/Library/TinyTeX/texmf-dist/fonts/type1/public/inconsolata/Inconsolata-zi4r.pfb></Users/cberrett/Library/TinyTeX/texmf-dist/fonts/type1/urw/times/utmb8a.pfb></Users/cberrett/Library/TinyTeX/texmf-dist/fonts/type1/urw/times/utmr8a.pfb></Users/cberrett/Library/TinyTeX/texmf-dist/fonts/type1/urw/times/utmr8a.pfb></Users/cberrett/Library/TinyTeX/texmf-dist/fonts/type1/urw/times/utmri8a.pfb>
Output written on Rd2.pdf (17 pages, 115336 bytes).
Transcript written on Rd2.log.
This is makeindex, version 2.17 [TeX Live 2024] (kpathsea + Thai support).
Scanning input file Rd2.idx....done (13 entries accepted, 0 rejected).
Sorting entries....done (43 comparisons).
Generating output file Rd2.ind....done (23 lines written, 0 warnings).
Output written in Rd2.ind.
Transcript written in Rd2.ilg.
This is pdfTeX, Version 3.141592653-2.6-1.40.26 (TeX Live 2024) (preloaded format=pdflatex)
 restricted \write18 enabled.
entering extended mode
LaTeX2e <2024-11-01> patch level 2
L3 programming layer <2025-01-18>
(./Rd2.tex
(/Users/cberrett/Library/TinyTeX/texmf-dist/tex/latex/base/book.cls
Document Class: book 2024/06/29 v1.4n Standard LaTeX document class
(/Users/cberrett/Library/TinyTeX/texmf-dist/tex/latex/base/bk10.clo)) (/Library/Frameworks/R.framework/Resources/share/texmf/tex/latex/Rd.sty (/Users/cberrett/Library/TinyTeX/texmf-dist/tex/latex/base/ifthen.sty) (/Users/cberrett/Library/TinyTeX/texmf-dist/tex/generic/iftex/iftex.sty) (/Users/cberrett/Library/TinyTeX/texmf-dist/tex/latex/tools/longtable.sty) (/Users/cberrett/Library/TinyTeX/texmf-dist/tex/latex/tools/bm.sty) (/Users/cberrett/Library/TinyTeX/texmf-dist/tex/latex/base/alltt.sty) (/Users/cberrett/Library/TinyTeX/texmf-dist/tex/latex/tools/verbatim.sty) (/Users/cberrett/Library/TinyTeX/texmf-dist/tex/latex/url/url.sty) (/Users/cberrett/Library/TinyTeX/texmf-dist/tex/latex/base/textcomp.sty) (/Users/cberrett/Library/TinyTeX/texmf-dist/tex/latex/amsmath/amsmath.sty
For additional information on amsmath, use the `?' option.
(/Users/cberrett/Library/TinyTeX/texmf-dist/tex/latex/amsmath/amstext.sty (/Users/cberrett/Library/TinyTeX/texmf-dist/tex/latex/amsmath/amsgen.sty)) (/Users/cberrett/Library/TinyTeX/texmf-dist/tex/latex/amsmath/amsbsy.sty) (/Users/cberrett/Library/TinyTeX/texmf-dist/tex/latex/amsmath/amsopn.sty)) (/Users/cberrett/Library/TinyTeX/texmf-dist/tex/latex/amsfonts/amsfonts.sty) (/Users/cberrett/Library/TinyTeX/texmf-dist/tex/latex/amsfonts/amssymb.sty) (/Users/cberrett/Library/TinyTeX/texmf-dist/tex/latex/jknapltx/mathrsfs.sty) (/Users/cberrett/Library/TinyTeX/texmf-dist/tex/latex/base/fontenc.sty) (/Users/cberrett/Library/TinyTeX/texmf-dist/tex/latex/psnfss/times.sty) (/Users/cberrett/Library/TinyTeX/texmf-dist/tex/latex/inconsolata/zi4.sty `inconsolata-zi4' v1.12, 2019/05/17 Text macros for Inconsolata (msharpe) (/Users/cberrett/Library/TinyTeX/texmf-dist/tex/latex/xkeyval/xkeyval.sty (/Users/cberrett/Library/TinyTeX/texmf-dist/tex/generic/xkeyval/xkeyval.tex (/Users/cberrett/Library/TinyTeX/texmf-dist/tex/generic/xkeyval/xkvutils.tex (/Users/cberrett/Library/TinyTeX/texmf-dist/tex/generic/xkeyval/keyval.tex))))) (/Users/cberrett/Library/TinyTeX/texmf-dist/tex/latex/graphics/color.sty (/Users/cberrett/Library/TinyTeX/texmf-dist/tex/latex/graphics-cfg/color.cfg) (/Users/cberrett/Library/TinyTeX/texmf-dist/tex/latex/graphics-def/pdftex.def) (/Users/cberrett/Library/TinyTeX/texmf-dist/tex/latex/graphics/mathcolor.ltx)) (/Users/cberrett/Library/TinyTeX/texmf-dist/tex/latex/hyperref/hyperref.sty (/Users/cberrett/Library/TinyTeX/texmf-dist/tex/latex/kvsetkeys/kvsetkeys.sty) (/Users/cberrett/Library/TinyTeX/texmf-dist/tex/generic/kvdefinekeys/kvdefinekeys.sty) (/Users/cberrett/Library/TinyTeX/texmf-dist/tex/generic/pdfescape/pdfescape.sty (/Users/cberrett/Library/TinyTeX/texmf-dist/tex/generic/ltxcmds/ltxcmds.sty) (/Users/cberrett/Library/TinyTeX/texmf-dist/tex/generic/pdftexcmds/pdftexcmds.sty (/Users/cberrett/Library/TinyTeX/texmf-dist/tex/generic/infwarerr/infwarerr.sty))) (/Users/cberrett/Library/TinyTeX/texmf-dist/tex/latex/hycolor/hycolor.sty) (/Users/cberrett/Library/TinyTeX/texmf-dist/tex/latex/hyperref/nameref.sty (/Users/cberrett/Library/TinyTeX/texmf-dist/tex/latex/refcount/refcount.sty) (/Users/cberrett/Library/TinyTeX/texmf-dist/tex/generic/gettitlestring/gettitlestring.sty (/Users/cberrett/Library/TinyTeX/texmf-dist/tex/latex/kvoptions/kvoptions.sty))) (/Users/cberrett/Library/TinyTeX/texmf-dist/tex/latex/etoolbox/etoolbox.sty) (/Users/cberrett/Library/TinyTeX/texmf-dist/tex/generic/stringenc/stringenc.sty) (/Users/cberrett/Library/TinyTeX/texmf-dist/tex/latex/hyperref/pd1enc.def) (/Users/cberrett/Library/TinyTeX/texmf-dist/tex/generic/intcalc/intcalc.sty) (/Users/cberrett/Library/TinyTeX/texmf-dist/tex/latex/hyperref/puenc.def) (/Users/cberrett/Library/TinyTeX/texmf-dist/tex/generic/bitset/bitset.sty (/Users/cberrett/Library/TinyTeX/texmf-dist/tex/generic/bigintcalc/bigintcalc.sty)) (/Users/cberrett/Library/TinyTeX/texmf-dist/tex/latex/base/atbegshi-ltx.sty)) (/Users/cberrett/Library/TinyTeX/texmf-dist/tex/latex/hyperref/hpdftex.def (/Users/cberrett/Library/TinyTeX/texmf-dist/tex/latex/base/atveryend-ltx.sty) (/Users/cberrett/Library/TinyTeX/texmf-dist/tex/latex/rerunfilecheck/rerunfilecheck.sty (/Users/cberrett/Library/TinyTeX/texmf-dist/tex/generic/uniquecounter/uniquecounter.sty)))) (/Users/cberrett/Library/TinyTeX/texmf-dist/tex/latex/base/makeidx.sty)
Writing index file Rd2.idx
(/Users/cberrett/Library/TinyTeX/texmf-dist/tex/latex/psnfss/t1ptm.fd) (/Users/cberrett/Library/TinyTeX/texmf-dist/tex/latex/l3backend/l3backend-pdftex.def) (/private/var/folders/9m/5m_kgz6s43s87jgls3tcc6j40000gp/T/Rtmp0RrtBB/Rd2pdf14a4b6cf991c7/Rd2.aux) (/private/var/folders/9m/5m_kgz6s43s87jgls3tcc6j40000gp/T/Rtmp0RrtBB/Rd2pdf14a4b6cf991c7/Rd2.out) (/private/var/folders/9m/5m_kgz6s43s87jgls3tcc6j40000gp/T/Rtmp0RrtBB/Rd2pdf14a4b6cf991c7/Rd2.out) (/Users/cberrett/Library/TinyTeX/texmf-dist/tex/latex/inconsolata/t1zi4.fd) (/Users/cberrett/Library/TinyTeX/texmf-dist/tex/latex/amsfonts/umsa.fd) (/Users/cberrett/Library/TinyTeX/texmf-dist/tex/latex/amsfonts/umsb.fd) (/Users/cberrett/Library/TinyTeX/texmf-dist/tex/latex/jknapltx/ursfs.fd) (/private/var/folders/9m/5m_kgz6s43s87jgls3tcc6j40000gp/T/Rtmp0RrtBB/Rd2pdf14a4b6cf991c7/Rd2.toc)
[1{/Users/cberrett/Library/TinyTeX/texmf-var/fonts/map/pdftex/updmap/pdftex.map}{/Users/cberrett/Library/TinyTeX/texmf-dist/fonts/enc/dvips/base/8r.enc}{/Users/cberrett/Library/TinyTeX/texmf-dist/fonts/enc/dvips/inconsolata/i4-t1-0.enc}]
[2]
Overfull \hbox (27.45981pt too wide) in paragraph at lines 122--123
\T1/ptm/m/n/10 po-nents. The de-fault value is []\T1/zi4/m/n/10 min(7, ceiling(length(unique(yday(dates)))/3))[]\T1/ptm/m/n/10 ,
(/Users/cberrett/Library/TinyTeX/texmf-dist/tex/latex/inconsolata/ts1zi4.fd)
Overfull \hbox (7.89809pt too wide) in paragraph at lines 126--127
[]\T1/ptm/m/n/10 Numeric scalar in-di-cat-ing the num-ber of spa-tial bases to use when []\T1/zi4/m/n/10 spatial.style

Overfull \hbox (50.67824pt too wide) in paragraph at lines 128--129
[]\T1/ptm/m/n/10 Numeric scalar in-di-cat-ing the num-ber of res-o-lu-tions to use for when []\T1/zi4/m/n/10 spatial.style=\TS1/zi4/m/n/10 '\T1/zi4/m/n/10 grid\TS1/zi4/m/n/10 '

[3{/Users/cberrett/Library/TinyTeX/texmf-dist/fonts/enc/dvips/inconsolata/i4-ts1.enc}]
Overfull \hbox (0.647pt too wide) in paragraph at lines 130--131
[]\T1/ptm/m/n/10 Numeric scalar in-di-cat-ing the max-i-mum dis-tance at which a ba-sis value is greater

Overfull \hbox (24.34853pt too wide) in paragraph at lines 134--135
[]\T1/ptm/m/n/10 Logical scalar in-di-cat-ing whether to plot the knots used when []\T1/zi4/m/n/10 spatial.style=\TS1/zi4/m/n/10 '\T1/zi4/m/n/10 grid\TS1/zi4/m/n/10 '

Overfull \hbox (43.46956pt too wide) in paragraph at lines 144--145
\T1/ptm/m/n/10 as or dif-fer-ent than []\T1/zi4/m/n/10 n.spatial.bases[]\T1/ptm/m/n/10 . De-fault is []\T1/zi4/m/n/10 min(6, ceiling(dim(coords)[1]/3))[]\T1/ptm/m/n/10 . 

Overfull \hbox (6.73912pt too wide) in paragraph at lines 146--147
[]\T1/ptm/m/n/10 (as-sumed to be lon-gi-tude) for the Fourier bases when []\T1/zi4/m/n/10 spatial.style=\TS1/zi4/m/n/10 '\T1/zi4/m/n/10 fourier\TS1/zi4/m/n/10 '

Overfull \hbox (6.06992pt too wide) in paragraph at lines 146--147
[]\T1/ptm/m/n/10 and/or []\T1/zi4/m/n/10 load.style=\TS1/zi4/m/n/10 '\T1/zi4/m/n/10 fourier\TS1/zi4/m/n/10 '[]\T1/ptm/m/n/10 . De-fault value is []\T1/zi4/m/n/10 4*diff(range(coords[,1]))[]\T1/ptm/m/n/10 . 

Overfull \hbox (6.06992pt too wide) in paragraph at lines 148--149
[]\T1/ptm/m/n/10 and/or []\T1/zi4/m/n/10 load.style=\TS1/zi4/m/n/10 '\T1/zi4/m/n/10 fourier\TS1/zi4/m/n/10 '[]\T1/ptm/m/n/10 . De-fault value is []\T1/zi4/m/n/10 4*diff(range(coords[,2]))[]\T1/ptm/m/n/10 . 

[4]
Overfull \hbox (12.24747pt too wide) in paragraph at lines 195--196
[]\T1/ptm/m/n/10 An mcmc ob-ject of size []\T1/zi4/m/n/10 draws []\T1/ptm/m/n/10 by []\T1/zi4/m/n/10 n.locs []\T1/ptm/m/n/10 con-tain-ing the pos-te-rior draws for the in-crease/decrease

[5]
Overfull \hbox (5.67712pt too wide) in paragraph at lines 210--211
\T1/ptm/m/n/10 of spa-tial ba-sis co-ef-fi-cients for the mean, lin-ear, and sea-sonal pro-cess co-ef-fi-cients. []\T1/zi4/m/n/10 linear.Tsub

Overfull \hbox (5.21715pt too wide) in paragraph at lines 210--211
[]\T1/ptm/m/n/10 is the ma-trix used to en-force a lin-ear in-crease/increase (slope) across time. []\T1/zi4/m/n/10 seasonal.bs.basis

Overfull \hbox (6.6876pt too wide) in paragraph at lines 210--211
[]\T1/ptm/m/n/10 is the ma-trix con-tain-ing the cir-cu-lar b-splines of the sea-sonal pro-cess. []\T1/zi4/m/n/10 confoundingPmat.prime

[6]
[7]
Overfull \hbox (27.45981pt too wide) in paragraph at lines 325--326
\T1/ptm/m/n/10 po-nents. The de-fault value is []\T1/zi4/m/n/10 min(7, ceiling(length(unique(yday(dates)))/3))[]\T1/ptm/m/n/10 ,

[8]
Overfull \hbox (7.89809pt too wide) in paragraph at lines 329--330
[]\T1/ptm/m/n/10 Numeric scalar in-di-cat-ing the num-ber of spa-tial bases to use when []\T1/zi4/m/n/10 spatial.style

Overfull \hbox (53.17824pt too wide) in paragraph at lines 331--332
[]\T1/ptm/m/n/10 Numeric scalar in-di-cat-ing the num-ber of res-o-lu-tions to use for when []\T1/zi4/m/n/10 spatial.style=\TS1/zi4/m/n/10 '\T1/zi4/m/n/10 grid\TS1/zi4/m/n/10 '[]\T1/ptm/m/n/10 .

Overfull \hbox (0.647pt too wide) in paragraph at lines 333--334
[]\T1/ptm/m/n/10 Numeric scalar in-di-cat-ing the max-i-mum dis-tance at which a ba-sis value is greater

Overfull \hbox (5.40976pt too wide) in paragraph at lines 333--334
\T1/ptm/m/n/10 than zero when []\T1/zi4/m/n/10 spatial.style=\TS1/zi4/m/n/10 '\T1/zi4/m/n/10 grid\TS1/zi4/m/n/10 '[]\T1/ptm/m/n/10 . De-fault value is []\T1/zi4/m/n/10 mean(dist(coords))[]\T1/ptm/m/n/10 . 

Overfull \hbox (26.84853pt too wide) in paragraph at lines 337--338
[]\T1/ptm/m/n/10 Logical scalar in-di-cat-ing whether to plot the knots used when []\T1/zi4/m/n/10 spatial.style=\TS1/zi4/m/n/10 '\T1/zi4/m/n/10 grid\TS1/zi4/m/n/10 '[]\T1/ptm/m/n/10 .

Overfull \hbox (9.23912pt too wide) in paragraph at lines 339--340
[]\T1/ptm/m/n/10 (as-sumed to be lon-gi-tude) for the Fourier bases when []\T1/zi4/m/n/10 spatial.style=\TS1/zi4/m/n/10 '\T1/zi4/m/n/10 fourier\TS1/zi4/m/n/10 '[]\T1/ptm/m/n/10 .

Overfull \hbox (1.45895pt too wide) in paragraph at lines 341--342
[]\T1/ptm/m/n/10 (as-sumed to be lat-i-tude) for the Fourier bases when []\T1/zi4/m/n/10 spatial.style=\TS1/zi4/m/n/10 '\T1/zi4/m/n/10 fourier\TS1/zi4/m/n/10 '[]\T1/ptm/m/n/10 .

[9]
Overfull \hbox (7.59836pt too wide) in paragraph at lines 395--396
\T1/ptm/m/n/10 gres-sive cor-re-la-tion ma-trix for the fac-tors. De-fault is []\T1/zi4/m/n/10 matrix(0.001, n.factors,

[10]
Overfull \hbox (12.24747pt too wide) in paragraph at lines 420--421
[]\T1/ptm/m/n/10 An mcmc ob-ject of size []\T1/zi4/m/n/10 draws []\T1/ptm/m/n/10 by []\T1/zi4/m/n/10 n.locs []\T1/ptm/m/n/10 con-tain-ing the pos-te-rior draws for the in-crease/decrease

[11]
Overfull \hbox (5.67712pt too wide) in paragraph at lines 435--436
\T1/ptm/m/n/10 of spa-tial ba-sis co-ef-fi-cients for the mean, lin-ear, and sea-sonal pro-cess co-ef-fi-cients. []\T1/zi4/m/n/10 linear.Tsub

Overfull \hbox (5.21715pt too wide) in paragraph at lines 435--436
[]\T1/ptm/m/n/10 is the ma-trix used to en-force a lin-ear in-crease/increase (slope) across time. []\T1/zi4/m/n/10 seasonal.bs.basis

Overfull \hbox (6.6876pt too wide) in paragraph at lines 435--436
[]\T1/ptm/m/n/10 is the ma-trix con-tain-ing the cir-cu-lar b-splines of the sea-sonal pro-cess. []\T1/zi4/m/n/10 confoundingPmat.prime

[12]
[13]
[14]
Overfull \hbox (33.09036pt too wide) in paragraph at lines 608--608
 []  \T1/zi4/m/n/10 color.gradient = colorRampPalette(rev(RColorBrewer::brewer.pal(9, name = "RdBu")))(50)[] 

[15]
[16] (/private/var/folders/9m/5m_kgz6s43s87jgls3tcc6j40000gp/T/Rtmp0RrtBB/Rd2pdf14a4b6cf991c7/Rd2.ind
[17]

[18]) (/private/var/folders/9m/5m_kgz6s43s87jgls3tcc6j40000gp/T/Rtmp0RrtBB/Rd2pdf14a4b6cf991c7/Rd2.aux)

Package rerunfilecheck Warning: File `Rd2.out' has changed.
(rerunfilecheck)                Rerun to get outlines right
(rerunfilecheck)                or use package `bookmark'.

 )
(see the transcript file for additional information) </Users/cberrett/Library/TinyTeX/texmf-var/fonts/pk/ljfour/jknappen/ec/tcrm1000.600pk></Users/cberrett/Library/TinyTeX/texmf-dist/fonts/type1/public/inconsolata/Inconsolata-zi4r.pfb></Users/cberrett/Library/TinyTeX/texmf-dist/fonts/type1/urw/times/utmb8a.pfb></Users/cberrett/Library/TinyTeX/texmf-dist/fonts/type1/urw/times/utmr8a.pfb></Users/cberrett/Library/TinyTeX/texmf-dist/fonts/type1/urw/times/utmr8a.pfb></Users/cberrett/Library/TinyTeX/texmf-dist/fonts/type1/urw/times/utmri8a.pfb>
Output written on Rd2.pdf (18 pages, 118191 bytes).
Transcript written on Rd2.log.
This is makeindex, version 2.17 [TeX Live 2024] (kpathsea + Thai support).
Scanning input file Rd2.idx....done (13 entries accepted, 0 rejected).
Sorting entries....done (43 comparisons).
Generating output file Rd2.ind....done (23 lines written, 0 warnings).
Output written in Rd2.ind.
Transcript written in Rd2.ilg.
This is pdfTeX, Version 3.141592653-2.6-1.40.26 (TeX Live 2024) (preloaded format=pdflatex)
 restricted \write18 enabled.
entering extended mode
LaTeX2e <2024-11-01> patch level 2
L3 programming layer <2025-01-18>
(./Rd2.tex
(/Users/cberrett/Library/TinyTeX/texmf-dist/tex/latex/base/book.cls
Document Class: book 2024/06/29 v1.4n Standard LaTeX document class
(/Users/cberrett/Library/TinyTeX/texmf-dist/tex/latex/base/bk10.clo)) (/Library/Frameworks/R.framework/Resources/share/texmf/tex/latex/Rd.sty (/Users/cberrett/Library/TinyTeX/texmf-dist/tex/latex/base/ifthen.sty) (/Users/cberrett/Library/TinyTeX/texmf-dist/tex/generic/iftex/iftex.sty) (/Users/cberrett/Library/TinyTeX/texmf-dist/tex/latex/tools/longtable.sty) (/Users/cberrett/Library/TinyTeX/texmf-dist/tex/latex/tools/bm.sty) (/Users/cberrett/Library/TinyTeX/texmf-dist/tex/latex/base/alltt.sty) (/Users/cberrett/Library/TinyTeX/texmf-dist/tex/latex/tools/verbatim.sty) (/Users/cberrett/Library/TinyTeX/texmf-dist/tex/latex/url/url.sty) (/Users/cberrett/Library/TinyTeX/texmf-dist/tex/latex/base/textcomp.sty) (/Users/cberrett/Library/TinyTeX/texmf-dist/tex/latex/amsmath/amsmath.sty
For additional information on amsmath, use the `?' option.
(/Users/cberrett/Library/TinyTeX/texmf-dist/tex/latex/amsmath/amstext.sty (/Users/cberrett/Library/TinyTeX/texmf-dist/tex/latex/amsmath/amsgen.sty)) (/Users/cberrett/Library/TinyTeX/texmf-dist/tex/latex/amsmath/amsbsy.sty) (/Users/cberrett/Library/TinyTeX/texmf-dist/tex/latex/amsmath/amsopn.sty)) (/Users/cberrett/Library/TinyTeX/texmf-dist/tex/latex/amsfonts/amsfonts.sty) (/Users/cberrett/Library/TinyTeX/texmf-dist/tex/latex/amsfonts/amssymb.sty) (/Users/cberrett/Library/TinyTeX/texmf-dist/tex/latex/jknapltx/mathrsfs.sty) (/Users/cberrett/Library/TinyTeX/texmf-dist/tex/latex/base/fontenc.sty) (/Users/cberrett/Library/TinyTeX/texmf-dist/tex/latex/psnfss/times.sty) (/Users/cberrett/Library/TinyTeX/texmf-dist/tex/latex/inconsolata/zi4.sty `inconsolata-zi4' v1.12, 2019/05/17 Text macros for Inconsolata (msharpe) (/Users/cberrett/Library/TinyTeX/texmf-dist/tex/latex/xkeyval/xkeyval.sty (/Users/cberrett/Library/TinyTeX/texmf-dist/tex/generic/xkeyval/xkeyval.tex (/Users/cberrett/Library/TinyTeX/texmf-dist/tex/generic/xkeyval/xkvutils.tex (/Users/cberrett/Library/TinyTeX/texmf-dist/tex/generic/xkeyval/keyval.tex))))) (/Users/cberrett/Library/TinyTeX/texmf-dist/tex/latex/graphics/color.sty (/Users/cberrett/Library/TinyTeX/texmf-dist/tex/latex/graphics-cfg/color.cfg) (/Users/cberrett/Library/TinyTeX/texmf-dist/tex/latex/graphics-def/pdftex.def) (/Users/cberrett/Library/TinyTeX/texmf-dist/tex/latex/graphics/mathcolor.ltx)) (/Users/cberrett/Library/TinyTeX/texmf-dist/tex/latex/hyperref/hyperref.sty (/Users/cberrett/Library/TinyTeX/texmf-dist/tex/latex/kvsetkeys/kvsetkeys.sty) (/Users/cberrett/Library/TinyTeX/texmf-dist/tex/generic/kvdefinekeys/kvdefinekeys.sty) (/Users/cberrett/Library/TinyTeX/texmf-dist/tex/generic/pdfescape/pdfescape.sty (/Users/cberrett/Library/TinyTeX/texmf-dist/tex/generic/ltxcmds/ltxcmds.sty) (/Users/cberrett/Library/TinyTeX/texmf-dist/tex/generic/pdftexcmds/pdftexcmds.sty (/Users/cberrett/Library/TinyTeX/texmf-dist/tex/generic/infwarerr/infwarerr.sty))) (/Users/cberrett/Library/TinyTeX/texmf-dist/tex/latex/hycolor/hycolor.sty) (/Users/cberrett/Library/TinyTeX/texmf-dist/tex/latex/hyperref/nameref.sty (/Users/cberrett/Library/TinyTeX/texmf-dist/tex/latex/refcount/refcount.sty) (/Users/cberrett/Library/TinyTeX/texmf-dist/tex/generic/gettitlestring/gettitlestring.sty (/Users/cberrett/Library/TinyTeX/texmf-dist/tex/latex/kvoptions/kvoptions.sty))) (/Users/cberrett/Library/TinyTeX/texmf-dist/tex/latex/etoolbox/etoolbox.sty) (/Users/cberrett/Library/TinyTeX/texmf-dist/tex/generic/stringenc/stringenc.sty) (/Users/cberrett/Library/TinyTeX/texmf-dist/tex/latex/hyperref/pd1enc.def) (/Users/cberrett/Library/TinyTeX/texmf-dist/tex/generic/intcalc/intcalc.sty) (/Users/cberrett/Library/TinyTeX/texmf-dist/tex/latex/hyperref/puenc.def) (/Users/cberrett/Library/TinyTeX/texmf-dist/tex/generic/bitset/bitset.sty (/Users/cberrett/Library/TinyTeX/texmf-dist/tex/generic/bigintcalc/bigintcalc.sty)) (/Users/cberrett/Library/TinyTeX/texmf-dist/tex/latex/base/atbegshi-ltx.sty)) (/Users/cberrett/Library/TinyTeX/texmf-dist/tex/latex/hyperref/hpdftex.def (/Users/cberrett/Library/TinyTeX/texmf-dist/tex/latex/base/atveryend-ltx.sty) (/Users/cberrett/Library/TinyTeX/texmf-dist/tex/latex/rerunfilecheck/rerunfilecheck.sty (/Users/cberrett/Library/TinyTeX/texmf-dist/tex/generic/uniquecounter/uniquecounter.sty)))) (/Users/cberrett/Library/TinyTeX/texmf-dist/tex/latex/base/makeidx.sty)
Writing index file Rd2.idx
(/Users/cberrett/Library/TinyTeX/texmf-dist/tex/latex/psnfss/t1ptm.fd) (/Users/cberrett/Library/TinyTeX/texmf-dist/tex/latex/l3backend/l3backend-pdftex.def) (/private/var/folders/9m/5m_kgz6s43s87jgls3tcc6j40000gp/T/Rtmp0RrtBB/Rd2pdf14a4b6cf991c7/Rd2.aux) (/private/var/folders/9m/5m_kgz6s43s87jgls3tcc6j40000gp/T/Rtmp0RrtBB/Rd2pdf14a4b6cf991c7/Rd2.out) (/private/var/folders/9m/5m_kgz6s43s87jgls3tcc6j40000gp/T/Rtmp0RrtBB/Rd2pdf14a4b6cf991c7/Rd2.out) (/Users/cberrett/Library/TinyTeX/texmf-dist/tex/latex/inconsolata/t1zi4.fd) (/Users/cberrett/Library/TinyTeX/texmf-dist/tex/latex/amsfonts/umsa.fd) (/Users/cberrett/Library/TinyTeX/texmf-dist/tex/latex/amsfonts/umsb.fd) (/Users/cberrett/Library/TinyTeX/texmf-dist/tex/latex/jknapltx/ursfs.fd) (/private/var/folders/9m/5m_kgz6s43s87jgls3tcc6j40000gp/T/Rtmp0RrtBB/Rd2pdf14a4b6cf991c7/Rd2.toc
[1{/Users/cberrett/Library/TinyTeX/texmf-var/fonts/map/pdftex/updmap/pdftex.map}{/Users/cberrett/Library/TinyTeX/texmf-dist/fonts/enc/dvips/base/8r.enc}{/Users/cberrett/Library/TinyTeX/texmf-dist/fonts/enc/dvips/inconsolata/i4-t1-0.enc}])
[2]
Overfull \hbox (27.45981pt too wide) in paragraph at lines 122--123
\T1/ptm/m/n/10 po-nents. The de-fault value is []\T1/zi4/m/n/10 min(7, ceiling(length(unique(yday(dates)))/3))[]\T1/ptm/m/n/10 ,
(/Users/cberrett/Library/TinyTeX/texmf-dist/tex/latex/inconsolata/ts1zi4.fd)
Overfull \hbox (7.89809pt too wide) in paragraph at lines 126--127
[]\T1/ptm/m/n/10 Numeric scalar in-di-cat-ing the num-ber of spa-tial bases to use when []\T1/zi4/m/n/10 spatial.style

Overfull \hbox (50.67824pt too wide) in paragraph at lines 128--129
[]\T1/ptm/m/n/10 Numeric scalar in-di-cat-ing the num-ber of res-o-lu-tions to use for when []\T1/zi4/m/n/10 spatial.style=\TS1/zi4/m/n/10 '\T1/zi4/m/n/10 grid\TS1/zi4/m/n/10 '

[3{/Users/cberrett/Library/TinyTeX/texmf-dist/fonts/enc/dvips/inconsolata/i4-ts1.enc}]
Overfull \hbox (0.647pt too wide) in paragraph at lines 130--131
[]\T1/ptm/m/n/10 Numeric scalar in-di-cat-ing the max-i-mum dis-tance at which a ba-sis value is greater

Overfull \hbox (24.34853pt too wide) in paragraph at lines 134--135
[]\T1/ptm/m/n/10 Logical scalar in-di-cat-ing whether to plot the knots used when []\T1/zi4/m/n/10 spatial.style=\TS1/zi4/m/n/10 '\T1/zi4/m/n/10 grid\TS1/zi4/m/n/10 '

Overfull \hbox (43.46956pt too wide) in paragraph at lines 144--145
\T1/ptm/m/n/10 as or dif-fer-ent than []\T1/zi4/m/n/10 n.spatial.bases[]\T1/ptm/m/n/10 . De-fault is []\T1/zi4/m/n/10 min(6, ceiling(dim(coords)[1]/3))[]\T1/ptm/m/n/10 . 

Overfull \hbox (6.73912pt too wide) in paragraph at lines 146--147
[]\T1/ptm/m/n/10 (as-sumed to be lon-gi-tude) for the Fourier bases when []\T1/zi4/m/n/10 spatial.style=\TS1/zi4/m/n/10 '\T1/zi4/m/n/10 fourier\TS1/zi4/m/n/10 '

Overfull \hbox (6.06992pt too wide) in paragraph at lines 146--147
[]\T1/ptm/m/n/10 and/or []\T1/zi4/m/n/10 load.style=\TS1/zi4/m/n/10 '\T1/zi4/m/n/10 fourier\TS1/zi4/m/n/10 '[]\T1/ptm/m/n/10 . De-fault value is []\T1/zi4/m/n/10 4*diff(range(coords[,1]))[]\T1/ptm/m/n/10 . 

Overfull \hbox (6.06992pt too wide) in paragraph at lines 148--149
[]\T1/ptm/m/n/10 and/or []\T1/zi4/m/n/10 load.style=\TS1/zi4/m/n/10 '\T1/zi4/m/n/10 fourier\TS1/zi4/m/n/10 '[]\T1/ptm/m/n/10 . De-fault value is []\T1/zi4/m/n/10 4*diff(range(coords[,2]))[]\T1/ptm/m/n/10 . 

[4]
Overfull \hbox (12.24747pt too wide) in paragraph at lines 195--196
[]\T1/ptm/m/n/10 An mcmc ob-ject of size []\T1/zi4/m/n/10 draws []\T1/ptm/m/n/10 by []\T1/zi4/m/n/10 n.locs []\T1/ptm/m/n/10 con-tain-ing the pos-te-rior draws for the in-crease/decrease

[5]
Overfull \hbox (5.67712pt too wide) in paragraph at lines 210--211
\T1/ptm/m/n/10 of spa-tial ba-sis co-ef-fi-cients for the mean, lin-ear, and sea-sonal pro-cess co-ef-fi-cients. []\T1/zi4/m/n/10 linear.Tsub

Overfull \hbox (5.21715pt too wide) in paragraph at lines 210--211
[]\T1/ptm/m/n/10 is the ma-trix used to en-force a lin-ear in-crease/increase (slope) across time. []\T1/zi4/m/n/10 seasonal.bs.basis

Overfull \hbox (6.6876pt too wide) in paragraph at lines 210--211
[]\T1/ptm/m/n/10 is the ma-trix con-tain-ing the cir-cu-lar b-splines of the sea-sonal pro-cess. []\T1/zi4/m/n/10 confoundingPmat.prime

[6]
[7]
[8]
Overfull \hbox (27.45981pt too wide) in paragraph at lines 325--326
\T1/ptm/m/n/10 po-nents. The de-fault value is []\T1/zi4/m/n/10 min(7, ceiling(length(unique(yday(dates)))/3))[]\T1/ptm/m/n/10 ,

Overfull \hbox (7.89809pt too wide) in paragraph at lines 329--330
[]\T1/ptm/m/n/10 Numeric scalar in-di-cat-ing the num-ber of spa-tial bases to use when []\T1/zi4/m/n/10 spatial.style

Overfull \hbox (53.17824pt too wide) in paragraph at lines 331--332
[]\T1/ptm/m/n/10 Numeric scalar in-di-cat-ing the num-ber of res-o-lu-tions to use for when []\T1/zi4/m/n/10 spatial.style=\TS1/zi4/m/n/10 '\T1/zi4/m/n/10 grid\TS1/zi4/m/n/10 '[]\T1/ptm/m/n/10 .

Overfull \hbox (0.647pt too wide) in paragraph at lines 333--334
[]\T1/ptm/m/n/10 Numeric scalar in-di-cat-ing the max-i-mum dis-tance at which a ba-sis value is greater

Overfull \hbox (5.40976pt too wide) in paragraph at lines 333--334
\T1/ptm/m/n/10 than zero when []\T1/zi4/m/n/10 spatial.style=\TS1/zi4/m/n/10 '\T1/zi4/m/n/10 grid\TS1/zi4/m/n/10 '[]\T1/ptm/m/n/10 . De-fault value is []\T1/zi4/m/n/10 mean(dist(coords))[]\T1/ptm/m/n/10 . 

Overfull \hbox (26.84853pt too wide) in paragraph at lines 337--338
[]\T1/ptm/m/n/10 Logical scalar in-di-cat-ing whether to plot the knots used when []\T1/zi4/m/n/10 spatial.style=\TS1/zi4/m/n/10 '\T1/zi4/m/n/10 grid\TS1/zi4/m/n/10 '[]\T1/ptm/m/n/10 .

Overfull \hbox (9.23912pt too wide) in paragraph at lines 339--340
[]\T1/ptm/m/n/10 (as-sumed to be lon-gi-tude) for the Fourier bases when []\T1/zi4/m/n/10 spatial.style=\TS1/zi4/m/n/10 '\T1/zi4/m/n/10 fourier\TS1/zi4/m/n/10 '[]\T1/ptm/m/n/10 .

Overfull \hbox (1.45895pt too wide) in paragraph at lines 341--342
[]\T1/ptm/m/n/10 (as-sumed to be lat-i-tude) for the Fourier bases when []\T1/zi4/m/n/10 spatial.style=\TS1/zi4/m/n/10 '\T1/zi4/m/n/10 fourier\TS1/zi4/m/n/10 '[]\T1/ptm/m/n/10 .

[9]
Overfull \hbox (7.59836pt too wide) in paragraph at lines 395--396
\T1/ptm/m/n/10 gres-sive cor-re-la-tion ma-trix for the fac-tors. De-fault is []\T1/zi4/m/n/10 matrix(0.001, n.factors,

[10]
Overfull \hbox (12.24747pt too wide) in paragraph at lines 420--421
[]\T1/ptm/m/n/10 An mcmc ob-ject of size []\T1/zi4/m/n/10 draws []\T1/ptm/m/n/10 by []\T1/zi4/m/n/10 n.locs []\T1/ptm/m/n/10 con-tain-ing the pos-te-rior draws for the in-crease/decrease

[11]
Overfull \hbox (5.67712pt too wide) in paragraph at lines 435--436
\T1/ptm/m/n/10 of spa-tial ba-sis co-ef-fi-cients for the mean, lin-ear, and sea-sonal pro-cess co-ef-fi-cients. []\T1/zi4/m/n/10 linear.Tsub

Overfull \hbox (5.21715pt too wide) in paragraph at lines 435--436
[]\T1/ptm/m/n/10 is the ma-trix used to en-force a lin-ear in-crease/increase (slope) across time. []\T1/zi4/m/n/10 seasonal.bs.basis

Overfull \hbox (6.6876pt too wide) in paragraph at lines 435--436
[]\T1/ptm/m/n/10 is the ma-trix con-tain-ing the cir-cu-lar b-splines of the sea-sonal pro-cess. []\T1/zi4/m/n/10 confoundingPmat.prime

[12]
[13]
[14]
Overfull \hbox (33.09036pt too wide) in paragraph at lines 608--608
 []  \T1/zi4/m/n/10 color.gradient = colorRampPalette(rev(RColorBrewer::brewer.pal(9, name = "RdBu")))(50)[] 

[15]
[16] (/private/var/folders/9m/5m_kgz6s43s87jgls3tcc6j40000gp/T/Rtmp0RrtBB/Rd2pdf14a4b6cf991c7/Rd2.ind
[17]

[18]) (/private/var/folders/9m/5m_kgz6s43s87jgls3tcc6j40000gp/T/Rtmp0RrtBB/Rd2pdf14a4b6cf991c7/Rd2.aux) )
(see the transcript file for additional information) </Users/cberrett/Library/TinyTeX/texmf-var/fonts/pk/ljfour/jknappen/ec/tcrm1000.600pk></Users/cberrett/Library/TinyTeX/texmf-dist/fonts/type1/public/inconsolata/Inconsolata-zi4r.pfb></Users/cberrett/Library/TinyTeX/texmf-dist/fonts/type1/urw/times/utmb8a.pfb></Users/cberrett/Library/TinyTeX/texmf-dist/fonts/type1/urw/times/utmr8a.pfb></Users/cberrett/Library/TinyTeX/texmf-dist/fonts/type1/urw/times/utmr8a.pfb></Users/cberrett/Library/TinyTeX/texmf-dist/fonts/type1/urw/times/utmri8a.pfb>
Output written on Rd2.pdf (18 pages, 119029 bytes).
Transcript written on Rd2.log.
Saving output to ‘BSTFA-manual.pdf’ ...
Done
You may want to clean up by 'rm -Rf /var/folders/9m/5m_kgz6s43s87jgls3tcc6j40000gp/T//Rtmp0RrtBB/Rd2pdf14a4b6cf991c7'
